<?xml version="1.0" encoding="UTF-8"?>
<!-- Generated by org.testng.reporters.JUnitReportReporter -->
<testsuite skipped="0" hostname="Dell" name="com.test.Filter" tests="5" failures="0" timestamp="14 Sep 2017 17:37:46 GMT" time="637.522" errors="0">
  <testcase name="dashboardFilter" time="167.818" classname="com.test.Filter"/>
  <testcase name="ControlsGlobalMediaFilter" time="118.742" classname="com.test.Filter"/>
  <testcase name="RiskdeterminationFilter" time="98.846" classname="com.test.Filter"/>
  <testcase name="ControlsReviewFilter" time="116.853" classname="com.test.Filter"/>
  <testcase name="RatingReviewFilter" time="135.263" classname="com.test.Filter"/>
</testsuite> <!-- com.test.Filter -->
