<?xml version="1.0" encoding="UTF-8"?>
<!-- Generated by org.testng.reporters.JUnitReportReporter -->
<testsuite skipped="2" hostname="Dell" name="com.test.ControlsGlobalMedia" tests="3" failures="0" timestamp="18 Sep 2017 08:47:53 GMT" time="478.910" errors="0">
  <testcase name="RatingReview" time="478.910" classname="com.test.ControlsGlobalMedia"/>
  <testcase name="ControlReview" classname="com.test.ControlsGlobalMedia">
    <skipped/>
  </testcase> <!-- ControlReview -->
  <testcase name="GlobalMedia" classname="com.test.ControlsGlobalMedia">
    <skipped/>
  </testcase> <!-- GlobalMedia -->
</testsuite> <!-- com.test.ControlsGlobalMedia -->
