<?xml version="1.0" encoding="UTF-8"?>
<!-- Generated by org.testng.reporters.JUnitReportReporter -->
<testsuite skipped="2" hostname="Dell" name="com.test.ManageAccount" tests="3" failures="0" timestamp="08 Sep 2017 10:08:30 GMT" time="144.018" errors="0">
  <testcase name="UserAssignment" time="144.018" classname="com.test.ManageAccount"/>
  <testcase name="UserImport" classname="com.test.ManageAccount">
    <skipped/>
  </testcase> <!-- UserImport -->
  <testcase name="UserList" classname="com.test.ManageAccount">
    <skipped/>
  </testcase> <!-- UserList -->
</testsuite> <!-- com.test.ManageAccount -->
