<?xml version="1.0" encoding="UTF-8"?>
<!-- Generated by org.testng.reporters.JUnitReportReporter -->
<testsuite skipped="0" hostname="Dell" name="com.test.cc" tests="1" failures="0" timestamp="24 Aug 2017 10:47:38 GMT" time="50.124" errors="0">
  <testcase name="RiskQuestionarieList" time="50.124" classname="com.test.cc"/>
</testsuite> <!-- com.test.cc -->
