<?xml version="1.0" encoding="UTF-8"?>
<!-- Generated by org.testng.reporters.JUnitReportReporter -->
<testsuite skipped="0" hostname="Dell" name="com.test.DownloadFiles" tests="3" failures="0" timestamp="08 Sep 2017 11:03:27 GMT" time="193.315" errors="0">
  <testcase name="DownloadFilesinAsset" time="43.584" classname="com.test.DownloadFiles"/>
  <testcase name="DownloadFilesinUserList" time="73.963" classname="com.test.DownloadFiles"/>
  <testcase name="DownloadFilesinRiskDetermination" time="75.768" classname="com.test.DownloadFiles"/>
</testsuite> <!-- com.test.DownloadFiles -->
