<?xml version="1.0" encoding="UTF-8"?>
<!-- Generated by org.testng.reporters.JUnitReportReporter -->
<testsuite hostname="SYB-LP-TEST-010" name="com.test.EntityManagement" tests="3" failures="0" timestamp="20 Sep 2017 09:16:30 GMT" time="208.878" errors="0">
  <testcase name="EntityTags" time="71.034" classname="com.test.EntityManagement"/>
  <testcase name="EntityList" time="107.132" classname="com.test.EntityManagement"/>
  <testcase name="SelectEntityFromHeader" time="30.712" classname="com.test.EntityManagement"/>
</testsuite> <!-- com.test.EntityManagement -->
