<?xml version="1.0" encoding="UTF-8"?>
<!-- Generated by org.testng.reporters.JUnitReportReporter -->
<testsuite hostname="Dell" name="com.test.UploadFiles" tests="4" failures="0" timestamp="17 Sep 2017 10:55:14 GMT" time="487.428" errors="0">
  <testcase name="UploadAsset" time="55.616" classname="com.test.UploadFiles"/>
  <testcase name="UserImport" time="89.496" classname="com.test.UploadFiles"/>
  <testcase name="UserAssignment" time="137.269" classname="com.test.UploadFiles"/>
  <testcase name="UploadDocuments" time="205.047" classname="com.test.UploadFiles"/>
</testsuite> <!-- com.test.UploadFiles -->
